Arguments: 
  /usr/bin/node /usr/share/node_modules/yarn/bin/yarn.js install

PATH: 
  /usr/local/sbin:/usr/local/bin:/usr/sbin:/usr/bin:/sbin:/bin:/usr/games:/usr/local/games:/home/developer/bin

Yarn version: 
  1.12.3

Node version: 
  10.14.2

Platform: 
  linux x64

Trace: 
  SyntaxError: /srv/package.json: Unexpected token } in JSON at position 924
      at JSON.parse (<anonymous>)
      at /usr/share/node_modules/yarn/lib/cli.js:1631:59
      at Generator.next (<anonymous>)
      at step (/usr/share/node_modules/yarn/lib/cli.js:304:30)
      at /usr/share/node_modules/yarn/lib/cli.js:315:13

npm manifest: 
  {
    "name": "mobx-jwt",
    "version": "1.0.0",
    "main": "build/index.js",
    "typings": "src/index",
    "repository": "git@github.com:MeuhMeuhConcept/mobx-jwt.git",
    "author": "jngermon <jn.germon@gmail.com>",
    "license": "MIT",
    "private": false,
    "scripts": {
      "dev": "concurrently -k -n \"Typescript,Eslint\" -p \"[{name}]\" -c \"blue,green\" \"tsc --watch\" \"esw --watch --ext=.ts,.tsx src/*\"",
      "eslint": "eslint --ext=.ts,.tsx src/*",
      "build": "tsc",
      "test": "jest --verbose"
    },
    "devDependencies": {
      "@types/jest": "^25.1.4",
      "@typescript-eslint/eslint-plugin": "^2.24.0",
      "@typescript-eslint/parser": "^2.24.0",
      "concurrently": "^5.1.0",
      "eslint": "^6.8.0",
      "eslint-plugin-react": "^7.19.0",
      "eslint-watch": "^6.0.1",
      "jest": "^25.1.0",
      "ts-jest": "^25.2.1",
      "typescript": "^3.8.3",
      "watch": "^1.0.2"
    },
    "dependencies": {
      "mobx": "^5.15.4",
    }
  }

yarn manifest: 
  No manifest

Lockfile: 
  No lockfile
